Using pre-set license
Built from '2020.3/staging' branch; Version is '2020.3.10f1 (297d780c91bc) revision 2719096'; Using compiler version '192528614'; Build Type 'Release'
OS: 'Windows 10 Pro; OS build 19041.985; Version 2004; 64bit' Language: 'pl' Physical Memory: 16336 MB
BatchMode: 1, IsHumanControllingUs: 0, StartBugReporterOnCrash: 0, Is64bit: 1, IsPro: 0

 COMMAND LINE ARGUMENTS:
C:\Program Files\Unity\Hub\Editor\2020.3.10f1\Editor\Unity.exe
-adb2
-batchMode
-noUpm
-name
AssetImportWorker0
-projectPath
C:/Users/BeskidGeekJam/Documents/Projekcik
-logFile
Logs/AssetImportWorker0.log
-srvPort
59694
Successfully changed project path to: C:/Users/BeskidGeekJam/Documents/Projekcik
C:/Users/BeskidGeekJam/Documents/Projekcik
Using Asset Import Pipeline V2.
Refreshing native plugins compatible for Editor in 51.51 ms, found 3 plugins.
Preloading 0 native plugins for Editor in 0.00 ms.
Initialize engine version: 2020.3.10f1 (297d780c91bc)
[Subsystems] Discovering subsystems at path C:/Program Files/Unity/Hub/Editor/2020.3.10f1/Editor/Data/Resources/UnitySubsystems
[Subsystems] Discovering subsystems at path C:/Users/BeskidGeekJam/Documents/Projekcik/Assets
GfxDevice: creating device client; threaded=0
Direct3D:
    Version:  Direct3D 11.0 [level 11.1]
    Renderer: NVIDIA GeForce GTX 1050 (ID=0x1c81)
    Vendor:   
    VRAM:     1977 MB
    Driver:   27.21.14.6589
Initialize mono
Mono path[0] = 'C:/Program Files/Unity/Hub/Editor/2020.3.10f1/Editor/Data/Managed'
Mono path[1] = 'C:/Program Files/Unity/Hub/Editor/2020.3.10f1/Editor/Data/MonoBleedingEdge/lib/mono/unityjit'
Mono config path = 'C:/Program Files/Unity/Hub/Editor/2020.3.10f1/Editor/Data/MonoBleedingEdge/etc'
Using monoOptions --debugger-agent=transport=dt_socket,embedding=1,server=y,suspend=n,address=127.0.0.1:56232
Begin MonoManager ReloadAssembly
Registering precompiled unity dll's ...
Register platform support module: C:/Program Files/Unity/Hub/Editor/2020.3.10f1/Editor/Data/PlaybackEngines/WebGLSupport/UnityEditor.WebGL.Extensions.dll
Register platform support module: C:/Program Files/Unity/Hub/Editor/2020.3.10f1/Editor/Data/PlaybackEngines/WindowsStandaloneSupport/UnityEditor.WindowsStandalone.Extensions.dll
Registered in 0.002177 seconds.
Native extension for WindowsStandalone target not found
Native extension for WebGL target not found
Refreshing native plugins compatible for Editor in 40.40 ms, found 3 plugins.
Preloading 0 native plugins for Editor in 0.00 ms.
Mono: successfully reloaded assembly
- Completed reload, in  2.069 seconds
Platform modules already initialized, skipping
Registering precompiled user dll's ...
Registered in 0.003693 seconds.
Begin MonoManager ReloadAssembly
Native extension for WindowsStandalone target not found
Native extension for WebGL target not found
Refreshing native plugins compatible for Editor in 48.15 ms, found 3 plugins.
Preloading 0 native plugins for Editor in 0.00 ms.
Mono: successfully reloaded assembly
- Completed reload, in  1.229 seconds
Platform modules already initialized, skipping
========================================================================
Worker process is ready to serve import requests
Launched and connected shader compiler UnityShaderCompiler.exe after 0.04 seconds
Refreshing native plugins compatible for Editor in 0.40 ms, found 3 plugins.
Preloading 0 native plugins for Editor in 0.00 ms.
Unloading 2080 Unused Serialized files (Serialized files now loaded: 0)
System memory in use before: 92.9 MB.
System memory in use after: 92.8 MB.

Unloading 33 unused Assets to reduce memory usage. Loaded Objects now: 2513.
Total: 2.830400 ms (FindLiveObjects: 0.187400 ms CreateObjectMapping: 0.076800 ms MarkObjects: 2.409100 ms  DeleteObjects: 0.155700 ms)

========================================================================
Received Import Request.
  path: Assets/_Scripts/Menu.cs
  artifactKey: Guid(0fb74c6133f847a4a81c645718760f80) Importer(815301076,1909f56bfc062723c751e8b465ee728b)
Start importing Assets/_Scripts/Menu.cs using Guid(0fb74c6133f847a4a81c645718760f80) Importer(815301076,1909f56bfc062723c751e8b465ee728b)  -> (artifact id: '515d27b1dfeaa027c8ab555a92898d81') in 0.021643 seconds
  Import took 0.024867 seconds .

========================================================================
Received Import Request.
  Time since last request: 39.750172 seconds.
  path: Assets/Scenes/Test.unity
  artifactKey: Guid(c4d4bddad8e10b2448c2bc9d74082e4c) Importer(815301076,1909f56bfc062723c751e8b465ee728b)
Start importing Assets/Scenes/Test.unity using Guid(c4d4bddad8e10b2448c2bc9d74082e4c) Importer(815301076,1909f56bfc062723c751e8b465ee728b)  -> (artifact id: '962c7c785289c233f64888fdafa6d922') in 0.010772 seconds
  Import took 0.013858 seconds .

========================================================================
Received Prepare
Registering precompiled user dll's ...
Registered in 0.003806 seconds.
Begin MonoManager ReloadAssembly
Native extension for WindowsStandalone target not found
Native extension for WebGL target not found
Refreshing native plugins compatible for Editor in 0.44 ms, found 3 plugins.
Preloading 0 native plugins for Editor in 0.00 ms.
Mono: successfully reloaded assembly
- Completed reload, in  1.055 seconds
Platform modules already initialized, skipping
Refreshing native plugins compatible for Editor in 0.41 ms, found 3 plugins.
Preloading 0 native plugins for Editor in 0.00 ms.
Unloading 2076 Unused Serialized files (Serialized files now loaded: 0)
System memory in use before: 92.9 MB.
System memory in use after: 92.9 MB.

Unloading 21 unused Assets to reduce memory usage. Loaded Objects now: 2518.
Total: 2.627000 ms (FindLiveObjects: 0.171100 ms CreateObjectMapping: 0.068900 ms MarkObjects: 2.258100 ms  DeleteObjects: 0.127600 ms)

========================================================================
Received Prepare
Registering precompiled user dll's ...
Registered in 0.003415 seconds.
Begin MonoManager ReloadAssembly
Native extension for WindowsStandalone target not found
Native extension for WebGL target not found
Refreshing native plugins compatible for Editor in 0.44 ms, found 3 plugins.
Preloading 0 native plugins for Editor in 0.00 ms.
Mono: successfully reloaded assembly
- Completed reload, in  0.961 seconds
Platform modules already initialized, skipping
Refreshing native plugins compatible for Editor in 0.41 ms, found 3 plugins.
Preloading 0 native plugins for Editor in 0.00 ms.
Unloading 2076 Unused Serialized files (Serialized files now loaded: 0)
System memory in use before: 92.9 MB.
System memory in use after: 92.9 MB.

Unloading 21 unused Assets to reduce memory usage. Loaded Objects now: 2522.
Total: 2.407700 ms (FindLiveObjects: 0.193100 ms CreateObjectMapping: 0.092600 ms MarkObjects: 1.966100 ms  DeleteObjects: 0.154700 ms)

========================================================================
Received Import Request.
  Time since last request: 178.078111 seconds.
  path: Assets/_Scenes
  artifactKey: Guid(d534754c331531d45be14b2c7e396f65) Importer(815301076,1909f56bfc062723c751e8b465ee728b)
Start importing Assets/_Scenes using Guid(d534754c331531d45be14b2c7e396f65) Importer(815301076,1909f56bfc062723c751e8b465ee728b)  -> (artifact id: '879905e5954d8702a169f3949b739bfa') in 0.004477 seconds
  Import took 0.008224 seconds .

========================================================================
Received Import Request.
  Time since last request: 3.561797 seconds.
  path: Assets/Scripts
  artifactKey: Guid(8dc3209dd5f60e54a830d8282fa9cba5) Importer(815301076,1909f56bfc062723c751e8b465ee728b)
Start importing Assets/Scripts using Guid(8dc3209dd5f60e54a830d8282fa9cba5) Importer(815301076,1909f56bfc062723c751e8b465ee728b)  -> (artifact id: 'c97e8427a528f3839ea57e7680d6d82c') in 0.002687 seconds
  Import took 0.005752 seconds .

========================================================================
Received Prepare
Registering precompiled user dll's ...
Registered in 0.003413 seconds.
Begin MonoManager ReloadAssembly
Native extension for WindowsStandalone target not found
Native extension for WebGL target not found
Refreshing native plugins compatible for Editor in 0.47 ms, found 3 plugins.
Preloading 0 native plugins for Editor in 0.00 ms.
Mono: successfully reloaded assembly
- Completed reload, in  0.978 seconds
Platform modules already initialized, skipping
Refreshing native plugins compatible for Editor in 0.42 ms, found 3 plugins.
Preloading 0 native plugins for Editor in 0.00 ms.
Unloading 2076 Unused Serialized files (Serialized files now loaded: 0)
System memory in use before: 92.9 MB.
System memory in use after: 92.9 MB.

Unloading 21 unused Assets to reduce memory usage. Loaded Objects now: 2526.
Total: 2.120600 ms (FindLiveObjects: 0.167700 ms CreateObjectMapping: 0.077400 ms MarkObjects: 1.740300 ms  DeleteObjects: 0.134300 ms)

========================================================================
Received Import Request.
  Time since last request: 3.449162 seconds.
  path: Assets/Scripts/PlayerMovement.cs
  artifactKey: Guid(beb5874532add8a4cb0cd3a2fbf4b308) Importer(815301076,1909f56bfc062723c751e8b465ee728b)
Start importing Assets/Scripts/PlayerMovement.cs using Guid(beb5874532add8a4cb0cd3a2fbf4b308) Importer(815301076,1909f56bfc062723c751e8b465ee728b)  -> (artifact id: '0e2fab50d6dd448cd7e22c329341430a') in 0.003647 seconds
  Import took 0.006665 seconds .

========================================================================
Received Prepare
Registering precompiled user dll's ...
Registered in 0.003805 seconds.
Begin MonoManager ReloadAssembly
Native extension for WindowsStandalone target not found
Native extension for WebGL target not found
Refreshing native plugins compatible for Editor in 0.40 ms, found 3 plugins.
Preloading 0 native plugins for Editor in 0.00 ms.
Mono: successfully reloaded assembly
- Completed reload, in  0.936 seconds
Platform modules already initialized, skipping
Refreshing native plugins compatible for Editor in 0.42 ms, found 3 plugins.
Preloading 0 native plugins for Editor in 0.00 ms.
Unloading 2076 Unused Serialized files (Serialized files now loaded: 0)
System memory in use before: 93.0 MB.
System memory in use after: 92.9 MB.

Unloading 21 unused Assets to reduce memory usage. Loaded Objects now: 2530.
Total: 2.178400 ms (FindLiveObjects: 0.171700 ms CreateObjectMapping: 0.077600 ms MarkObjects: 1.795600 ms  DeleteObjects: 0.132600 ms)

========================================================================
Received Import Request.
  Time since last request: 122.842195 seconds.
  path: Assets/Scripts/PlayerMovement.cs
  artifactKey: Guid(beb5874532add8a4cb0cd3a2fbf4b308) Importer(815301076,1909f56bfc062723c751e8b465ee728b)
Start importing Assets/Scripts/PlayerMovement.cs using Guid(beb5874532add8a4cb0cd3a2fbf4b308) Importer(815301076,1909f56bfc062723c751e8b465ee728b)  -> (artifact id: 'afb6d9169f8b388052ffca426d78b82e') in 0.005138 seconds
  Import took 0.008358 seconds .

AssetImportWorkerClient::OnTransportError - code=2 error=End of file
