Using pre-set license
Built from '2020.3/staging' branch; Version is '2020.3.10f1 (297d780c91bc) revision 2719096'; Using compiler version '192528614'; Build Type 'Release'
OS: 'Windows 10 Pro; OS build 19041.985; Version 2004; 64bit' Language: 'pl' Physical Memory: 16336 MB
BatchMode: 1, IsHumanControllingUs: 0, StartBugReporterOnCrash: 0, Is64bit: 1, IsPro: 0

 COMMAND LINE ARGUMENTS:
C:\Program Files\Unity\Hub\Editor\2020.3.10f1\Editor\Unity.exe
-adb2
-batchMode
-noUpm
-name
AssetImportWorker0
-projectPath
C:/Users/BeskidGeekJam/Documents/GeekJam/Projekcik
-logFile
Logs/AssetImportWorker0.log
-srvPort
63539
Successfully changed project path to: C:/Users/BeskidGeekJam/Documents/GeekJam/Projekcik
C:/Users/BeskidGeekJam/Documents/GeekJam/Projekcik
Using Asset Import Pipeline V2.
Refreshing native plugins compatible for Editor in 47.09 ms, found 3 plugins.
Preloading 0 native plugins for Editor in 0.00 ms.
Initialize engine version: 2020.3.10f1 (297d780c91bc)
[Subsystems] Discovering subsystems at path C:/Program Files/Unity/Hub/Editor/2020.3.10f1/Editor/Data/Resources/UnitySubsystems
[Subsystems] Discovering subsystems at path C:/Users/BeskidGeekJam/Documents/GeekJam/Projekcik/Assets
GfxDevice: creating device client; threaded=0
Direct3D:
    Version:  Direct3D 11.0 [level 11.1]
    Renderer: NVIDIA GeForce GTX 1050 (ID=0x1c81)
    Vendor:   
    VRAM:     1977 MB
    Driver:   27.21.14.6589
Initialize mono
Mono path[0] = 'C:/Program Files/Unity/Hub/Editor/2020.3.10f1/Editor/Data/Managed'
Mono path[1] = 'C:/Program Files/Unity/Hub/Editor/2020.3.10f1/Editor/Data/MonoBleedingEdge/lib/mono/unityjit'
Mono config path = 'C:/Program Files/Unity/Hub/Editor/2020.3.10f1/Editor/Data/MonoBleedingEdge/etc'
Using monoOptions --debugger-agent=transport=dt_socket,embedding=1,server=y,suspend=n,address=127.0.0.1:56464
Begin MonoManager ReloadAssembly
Registering precompiled unity dll's ...
Register platform support module: C:/Program Files/Unity/Hub/Editor/2020.3.10f1/Editor/Data/PlaybackEngines/WebGLSupport/UnityEditor.WebGL.Extensions.dll
Register platform support module: C:/Program Files/Unity/Hub/Editor/2020.3.10f1/Editor/Data/PlaybackEngines/WindowsStandaloneSupport/UnityEditor.WindowsStandalone.Extensions.dll
Registered in 0.002413 seconds.
Native extension for WindowsStandalone target not found
Native extension for WebGL target not found
Refreshing native plugins compatible for Editor in 45.52 ms, found 3 plugins.
Preloading 0 native plugins for Editor in 0.00 ms.
Mono: successfully reloaded assembly
- Completed reload, in  2.152 seconds
Platform modules already initialized, skipping
Registering precompiled user dll's ...
Registered in 0.005203 seconds.
Begin MonoManager ReloadAssembly
Symbol file data-00000184FF62A030 doesn't match image C:\Users\BeskidGeekJam\Documents\GeekJam\Projekcik\Library\ScriptAssemblies\Unity.2D.Animation.Editor.dll
Symbol file LoadedFromMemory is not a mono symbol file
Symbol file data-00000184FEE1EC70 doesn't match image C:\Users\BeskidGeekJam\Documents\GeekJam\Projekcik\Library\ScriptAssemblies\Unity.InternalAPIEngineBridge.001.dll
Symbol file LoadedFromMemory is not a mono symbol file
Symbol file data-00000183280CCC20 doesn't match image C:\Users\BeskidGeekJam\Documents\GeekJam\Projekcik\Library\ScriptAssemblies\Unity.VSCode.Editor.dll
Symbol file LoadedFromMemory is not a mono symbol file
Symbol file data-0000018328CE6030 doesn't match image C:\Users\BeskidGeekJam\Documents\GeekJam\Projekcik\Library\ScriptAssemblies\Unity.2D.PixelPerfect.dll
Symbol file LoadedFromMemory is not a mono symbol file
Symbol file data-00000183289143C0 doesn't match image C:\Users\BeskidGeekJam\Documents\GeekJam\Projekcik\Library\ScriptAssemblies\PsdPlugin.dll
Symbol file LoadedFromMemory is not a mono symbol file
Symbol file data-00000183289143C0 doesn't match image C:\Users\BeskidGeekJam\Documents\GeekJam\Projekcik\Library\ScriptAssemblies\Unity.TextMeshPro.Editor.dll
Symbol file LoadedFromMemory is not a mono symbol file
Symbol file data-00000184FF0177A0 doesn't match image C:\Users\BeskidGeekJam\Documents\GeekJam\Projekcik\Library\ScriptAssemblies\Unity.VisualStudio.Editor.dll
Symbol file LoadedFromMemory is not a mono symbol file
Symbol file data-0000018328008230 doesn't match image C:\Users\BeskidGeekJam\Documents\GeekJam\Projekcik\Library\ScriptAssemblies\UnityEngine.TestRunner.dll
Symbol file LoadedFromMemory is not a mono symbol file
Symbol file data-00000184FEFB4010 doesn't match image C:\Users\BeskidGeekJam\Documents\GeekJam\Projekcik\Library\ScriptAssemblies\Unity.Timeline.dll
Symbol file LoadedFromMemory is not a mono symbol file
Symbol file data-00000184FECA7010 doesn't match image C:\Users\BeskidGeekJam\Documents\GeekJam\Projekcik\Library\ScriptAssemblies\Unity.TextMeshPro.dll
Symbol file LoadedFromMemory is not a mono symbol file
Symbol file data-00000184FEFB4010 doesn't match image C:\Users\BeskidGeekJam\Documents\GeekJam\Projekcik\Library\ScriptAssemblies\UnityEditor.TestRunner.dll
Symbol file LoadedFromMemory is not a mono symbol file
Symbol file data-00000184FF173920 doesn't match image C:\Users\BeskidGeekJam\Documents\GeekJam\Projekcik\Library\ScriptAssemblies\Unity.2D.IK.Editor.dll
Symbol file LoadedFromMemory is not a mono symbol file
Symbol file data-0000018328B11010 doesn't match image C:\Users\BeskidGeekJam\Documents\GeekJam\Projekcik\Library\ScriptAssemblies\Unity.2D.Psdimporter.Editor.dll
Symbol file LoadedFromMemory is not a mono symbol file
Symbol file data-00000183288D80A0 doesn't match image C:\Users\BeskidGeekJam\Documents\GeekJam\Projekcik\Library\ScriptAssemblies\Unity.2D.Path.Editor.dll
Symbol file LoadedFromMemory is not a mono symbol file
Symbol file data-00000184FF0FB0E0 doesn't match image C:\Users\BeskidGeekJam\Documents\GeekJam\Projekcik\Library\ScriptAssemblies\Unity.InternalAPIEditorBridge.001.dll
Symbol file LoadedFromMemory is not a mono symbol file
Symbol file data-0000018328D3A020 doesn't match image C:\Users\BeskidGeekJam\Documents\GeekJam\Projekcik\Library\ScriptAssemblies\Unity.PlasticSCM.Editor.dll
Symbol file LoadedFromMemory is not a mono symbol file
Symbol file data-00000184FF858F50 doesn't match image C:\Users\BeskidGeekJam\Documents\GeekJam\Projekcik\Library\ScriptAssemblies\Unity.Rider.Editor.dll
Symbol file LoadedFromMemory is not a mono symbol file
Symbol file data-00000183280E1010 doesn't match image C:\Users\BeskidGeekJam\Documents\GeekJam\Projekcik\Library\ScriptAssemblies\Unity.Mathematics.dll
Symbol file LoadedFromMemory is not a mono symbol file
Symbol file data-00000184FF173920 doesn't match image C:\Users\BeskidGeekJam\Documents\GeekJam\Projekcik\Library\ScriptAssemblies\Unity.2D.IK.Runtime.dll
Symbol file LoadedFromMemory is not a mono symbol file
Symbol file data-00000184FF7C7020 doesn't match image C:\Users\BeskidGeekJam\Documents\GeekJam\Projekcik\Library\ScriptAssemblies\Unity.2D.Animation.Triangle.Runtime.dll
Symbol file LoadedFromMemory is not a mono symbol file
Symbol file data-0000018328F95030 doesn't match image C:\Users\BeskidGeekJam\Documents\GeekJam\Projekcik\Library\ScriptAssemblies\Unity.2D.Animation.Runtime.dll
Symbol file LoadedFromMemory is not a mono symbol file
Symbol file data-00000184FEFD3680 doesn't match image C:\Users\BeskidGeekJam\Documents\GeekJam\Projekcik\Library\ScriptAssemblies\Unity.2D.PixelPerfect.Editor.dll
Symbol file LoadedFromMemory is not a mono symbol file
Symbol file data-00000184FF7C7020 doesn't match image C:\Users\BeskidGeekJam\Documents\GeekJam\Projekcik\Library\ScriptAssemblies\Unity.Timeline.Editor.dll
Symbol file LoadedFromMemory is not a mono symbol file
Symbol file data-00000184FF0EA120 doesn't match image C:\Users\BeskidGeekJam\Documents\GeekJam\Projekcik\Library\ScriptAssemblies\Unity.CollabProxy.Editor.dll
Symbol file LoadedFromMemory is not a mono symbol file
Symbol file data-00000184FEE8D030 doesn't match image C:\Users\BeskidGeekJam\Documents\GeekJam\Projekcik\Library\ScriptAssemblies\Unity.Mathematics.Editor.dll
Symbol file LoadedFromMemory is not a mono symbol file
Symbol file data-00000184FF452AD0 doesn't match image C:\Users\BeskidGeekJam\Documents\GeekJam\Projekcik\Library\ScriptAssemblies\Unity.2D.Common.Runtime.dll
Symbol file LoadedFromMemory is not a mono symbol file
Symbol file data-00000184FEE2C7F0 doesn't match image C:\Users\BeskidGeekJam\Documents\GeekJam\Projekcik\Library\ScriptAssemblies\Unity.2D.SpriteShape.Editor.dll
Symbol file LoadedFromMemory is not a mono symbol file
Symbol file data-00000184FF173920 doesn't match image C:\Users\BeskidGeekJam\Documents\GeekJam\Projekcik\Library\ScriptAssemblies\Unity.2D.Common.Editor.dll
Symbol file LoadedFromMemory is not a mono symbol file
Symbol file data-00000184FF0EA120 doesn't match image C:\Users\BeskidGeekJam\Documents\GeekJam\Projekcik\Library\ScriptAssemblies\Unity.2D.SpriteShape.Runtime.dll
Symbol file LoadedFromMemory is not a mono symbol file
Native extension for WindowsStandalone target not found
Native extension for WebGL target not found
Refreshing native plugins compatible for Editor in 45.85 ms, found 3 plugins.
Preloading 0 native plugins for Editor in 0.00 ms.
Mono: successfully reloaded assembly
- Completed reload, in  1.293 seconds
Platform modules already initialized, skipping
========================================================================
Worker process is ready to serve import requests
Launched and connected shader compiler UnityShaderCompiler.exe after 0.04 seconds
Refreshing native plugins compatible for Editor in 0.46 ms, found 3 plugins.
Preloading 0 native plugins for Editor in 0.00 ms.
Unloading 2089 Unused Serialized files (Serialized files now loaded: 0)
System memory in use before: 93.2 MB.
System memory in use after: 93.2 MB.

Unloading 33 unused Assets to reduce memory usage. Loaded Objects now: 2523.
Total: 2.716500 ms (FindLiveObjects: 0.252900 ms CreateObjectMapping: 0.087100 ms MarkObjects: 2.159200 ms  DeleteObjects: 0.216300 ms)

========================================================================
Received Import Request.
  path: Assets/_Scenes/Game.unity
  artifactKey: Guid(485b7b807429b8244ba1708f61c6eb11) Importer(815301076,1909f56bfc062723c751e8b465ee728b)
Start importing Assets/_Scenes/Game.unity using Guid(485b7b807429b8244ba1708f61c6eb11) Importer(815301076,1909f56bfc062723c751e8b465ee728b)  -> (artifact id: '32c306969f4d318c683708b90b351899') in 0.094730 seconds
  Import took 0.098182 seconds .

========================================================================
Received Prepare
Refreshing native plugins compatible for Editor in 3.67 ms, found 3 plugins.
Preloading 0 native plugins for Editor in 0.00 ms.
Unloading 19 Unused Serialized files (Serialized files now loaded: 0)
System memory in use before: 52.2 MB.
System memory in use after: 52.2 MB.

Unloading 19 unused Assets to reduce memory usage. Loaded Objects now: 2523.
Total: 2.446900 ms (FindLiveObjects: 0.164600 ms CreateObjectMapping: 0.075000 ms MarkObjects: 2.095500 ms  DeleteObjects: 0.111100 ms)

AssetImportWorkerClient::OnTransportError - code=2 error=End of file
